{
  "0 debug pnpm:scope": {
    "selected": 1,
    "workspacePrefix": "/home/luc/dev/local/signal-edge"
  },
  "1 error pnpm": {
    "code": "ELIFECYCLE",
    "errno": "ENOENT",
    "syscall": "spawn",
    "file": "sh",
    "pkgid": "ipedge@1.0.0",
    "stage": "dev",
    "script": "ts-node-dev --quiet ./src/index.ts",
    "pkgname": "ipedge",
    "err": {
      "name": "pnpm",
      "message": "ipedge@1.0.0 dev: `ts-node-dev --quiet ./src/index.ts`\nspawn ENOENT",
      "code": "ELIFECYCLE",
      "stack": "pnpm: ipedge@1.0.0 dev: `ts-node-dev --quiet ./src/index.ts`\nspawn ENOENT\n    at ChildProcess.<anonymous> (/home/luc/.nvm/versions/node/v16.9.1/pnpm-global/5/node_modules/.pnpm/pnpm@7.1.9/node_modules/pnpm/dist/pnpm.cjs:93535:22)\n    at ChildProcess.emit (node:events:394:28)\n    at maybeClose (node:internal/child_process:1064:16)\n    at Process.ChildProcess._handle.onexit (node:internal/child_process:301:5)"
    }
  },
  "2 warn pnpm:global": " Local package.json exists, but node_modules missing, did you mean to install?"
}