{
  "0 debug pnpm:scope": {
    "selected": 1,
    "workspacePrefix": "/home/luc/dev/local/signal-edge/dm"
  },
  "1 error pnpm": {
    "errno": 1,
    "code": "ELIFECYCLE",
    "pkgid": "@edgelabs/cli@",
    "stage": "build",
    "script": "pnpm build:tsc && pnpm build:ncc && pnpm build:bang",
    "pkgname": "@edgelabs/cli",
    "err": {
      "name": "pnpm",
      "message": "@edgelabs/cli@ build: `pnpm build:tsc && pnpm build:ncc && pnpm build:bang`\nExit status 1",
      "code": "ELIFECYCLE",
      "stack": "pnpm: @edgelabs/cli@ build: `pnpm build:tsc && pnpm build:ncc && pnpm build:bang`\nExit status 1\n    at EventEmitter.<anonymous> (/home/luc/.nvm/versions/node/v16.9.1/pnpm-global/5/node_modules/.pnpm/pnpm@7.1.9/node_modules/pnpm/dist/pnpm.cjs:106976:20)\n    at EventEmitter.emit (node:events:394:28)\n    at ChildProcess.<anonymous> (/home/luc/.nvm/versions/node/v16.9.1/pnpm-global/5/node_modules/.pnpm/pnpm@7.1.9/node_modules/pnpm/dist/pnpm.cjs:93542:18)\n    at ChildProcess.emit (node:events:394:28)\n    at maybeClose (node:internal/child_process:1064:16)\n    at Process.ChildProcess._handle.onexit (node:internal/child_process:301:5)"
    }
  },
  "2 warn pnpm:global": " Local package.json exists, but node_modules missing, did you mean to install?"
}