This file contains any messages produced by compilers while
running configure, to aid debugging if configure makes a mistake.

It was created by configure, which was
generated by GNU Autoconf 2.69.  Invocation command line was

  $ /home/luc/dev/local/edgeserver/target/x86_64-unknown-linux-musl/release/build/jemalloc-sys-b1a534f04fd1299a/out/jemalloc/configure --disable-cxx --with-jemalloc-prefix=_rjem_ --with-private-namespace=_rjem_ --host=x86_64-unknown-linux-musl --build=x86_64-unknown-linux-gnu --prefix=/home/luc/dev/local/edgeserver/target/x86_64-unknown-linux-musl/release/build/jemalloc-sys-b1a534f04fd1299a/out

## --------- ##
## Platform. ##
## --------- ##

hostname = V3X-Carbon
uname -m = x86_64
uname -r = 6.2.1-arch1-1
uname -s = Linux
uname -v = #1 SMP PREEMPT_DYNAMIC Sun, 26 Feb 2023 03:39:23 +0000

/usr/bin/uname -p = unknown
/bin/uname -X     = unknown

/bin/arch              = unknown
/usr/bin/arch -k       = unknown
/usr/convex/getsysinfo = unknown
/usr/bin/hostinfo      = unknown
/bin/machine           = unknown
/usr/bin/oslevel       = unknown
/bin/universe          = unknown

PATH: /home/luc/.cargo/bin
PATH: /usr/local/sbin
PATH: /usr/local/bin
PATH: /usr/bin
PATH: /usr/lib/jvm/default/bin
PATH: /usr/bin/site_perl
PATH: /usr/bin/vendor_perl
PATH: /usr/bin/core_perl
PATH: /var/lib/snapd/snap/bin
PATH: /home/luc/.local/share/JetBrains/Toolbox/scripts
PATH: /home/luc/.bin
PATH: /home/luc/.foundry/bin
PATH: /home/luc/.bin
PATH: /home/luc/.foundry/bin


## ----------- ##
## Core tests. ##
## ----------- ##

configure:2641: checking for xsltproc
configure:2659: found /usr/bin/xsltproc
configure:2672: result: /usr/bin/xsltproc
configure:2713: checking for x86_64-unknown-linux-musl-gcc
configure:2740: result: musl-gcc
configure:3009: checking for C compiler version
configure:3018: musl-gcc --version >&5
/home/luc/dev/local/edgeserver/target/x86_64-unknown-linux-musl/release/build/jemalloc-sys-b1a534f04fd1299a/out/jemalloc/configure: line 3020: musl-gcc: command not found
configure:3029: $? = 127
configure:3018: musl-gcc -v >&5
/home/luc/dev/local/edgeserver/target/x86_64-unknown-linux-musl/release/build/jemalloc-sys-b1a534f04fd1299a/out/jemalloc/configure: line 3020: musl-gcc: command not found
configure:3029: $? = 127
configure:3018: musl-gcc -V >&5
/home/luc/dev/local/edgeserver/target/x86_64-unknown-linux-musl/release/build/jemalloc-sys-b1a534f04fd1299a/out/jemalloc/configure: line 3020: musl-gcc: command not found
configure:3029: $? = 127
configure:3018: musl-gcc -qversion >&5
/home/luc/dev/local/edgeserver/target/x86_64-unknown-linux-musl/release/build/jemalloc-sys-b1a534f04fd1299a/out/jemalloc/configure: line 3020: musl-gcc: command not found
configure:3029: $? = 127
configure:3049: checking whether the C compiler works
configure:3071: musl-gcc -O3 -ffunction-sections -fdata-sections -fPIC -m64 -Wall -O3 -ffunction-sections -fdata-sections -fPIC -m64 -Wall -O3 -ffunction-sections -fdata-sections -fPIC -m64 -Wall conftest.c  >&5
/home/luc/dev/local/edgeserver/target/x86_64-unknown-linux-musl/release/build/jemalloc-sys-b1a534f04fd1299a/out/jemalloc/configure: line 3073: musl-gcc: command not found
configure:3075: $? = 127
configure:3113: result: no
configure: failed program was:
| /* confdefs.h */
| #define PACKAGE_NAME ""
| #define PACKAGE_TARNAME ""
| #define PACKAGE_VERSION ""
| #define PACKAGE_STRING ""
| #define PACKAGE_BUGREPORT ""
| #define PACKAGE_URL ""
| /* end confdefs.h.  */
| 
| int
| main ()
| {
| 
|   ;
|   return 0;
| }
configure:3118: error: in `/home/luc/dev/local/edgeserver/target/x86_64-unknown-linux-musl/release/build/jemalloc-sys-b1a534f04fd1299a/out/build':
configure:3120: error: C compiler cannot create executables
See `config.log' for more details

## ---------------- ##
## Cache variables. ##
## ---------------- ##

ac_cv_env_CCC_set=
ac_cv_env_CCC_value=
ac_cv_env_CC_set=set
ac_cv_env_CC_value=musl-gcc
ac_cv_env_CFLAGS_set=set
ac_cv_env_CFLAGS_value='-O3 -ffunction-sections -fdata-sections -fPIC -m64 -Wall'
ac_cv_env_CPPFLAGS_set=set
ac_cv_env_CPPFLAGS_value='-O3 -ffunction-sections -fdata-sections -fPIC -m64 -Wall'
ac_cv_env_CPP_set=
ac_cv_env_CPP_value=
ac_cv_env_CXXFLAGS_set=
ac_cv_env_CXXFLAGS_value=
ac_cv_env_CXX_set=
ac_cv_env_CXX_value=
ac_cv_env_LDFLAGS_set=set
ac_cv_env_LDFLAGS_value='-O3 -ffunction-sections -fdata-sections -fPIC -m64 -Wall'
ac_cv_env_LIBS_set=
ac_cv_env_LIBS_value=
ac_cv_env_build_alias_set=set
ac_cv_env_build_alias_value=x86_64-unknown-linux-gnu
ac_cv_env_host_alias_set=set
ac_cv_env_host_alias_value=x86_64-unknown-linux-musl
ac_cv_env_target_alias_set=
ac_cv_env_target_alias_value=
ac_cv_path_XSLTPROC=/usr/bin/xsltproc
ac_cv_prog_CC=musl-gcc

## ----------------- ##
## Output variables. ##
## ----------------- ##

AR=''
ARFLAGS=''
AROUT=''
AUTOCONF=''
AWK=''
BINDIR='/home/luc/dev/local/edgeserver/target/x86_64-unknown-linux-musl/release/build/jemalloc-sys-b1a534f04fd1299a/out/bin'
CC='musl-gcc'
CC_MM=''
CFLAGS='-O3 -ffunction-sections -fdata-sections -fPIC -m64 -Wall'
CONFIG='--disable-cxx --with-jemalloc-prefix=_rjem_ --with-private-namespace=_rjem_ --host=x86_64-unknown-linux-musl --build=x86_64-unknown-linux-gnu --prefix=/home/luc/dev/local/edgeserver/target/x86_64-unknown-linux-musl/release/build/jemalloc-sys-b1a534f04fd1299a/out build_alias=x86_64-unknown-linux-gnu host_alias=x86_64-unknown-linux-musl CC=musl-gcc '\''CFLAGS=-O3 -ffunction-sections -fdata-sections -fPIC -m64 -Wall'\'' '\''LDFLAGS=-O3 -ffunction-sections -fdata-sections -fPIC -m64 -Wall'\'' '\''CPPFLAGS=-O3 -ffunction-sections -fdata-sections -fPIC -m64 -Wall'\'''
CONFIGURE_CFLAGS=''
CONFIGURE_CXXFLAGS=''
CPP=''
CPPFLAGS='-O3 -ffunction-sections -fdata-sections -fPIC -m64 -Wall'
CTARGET=''
CXX=''
CXXFLAGS=''
DATADIR='/home/luc/dev/local/edgeserver/target/x86_64-unknown-linux-musl/release/build/jemalloc-sys-b1a534f04fd1299a/out/share'
DEFS=''
DSO_LDFLAGS=''
DUMP_SYMS=''
ECHO_C=''
ECHO_N='-n'
ECHO_T=''
EGREP=''
EXEEXT=''
EXTRA_CFLAGS=''
EXTRA_CXXFLAGS=''
EXTRA_LDFLAGS=''
GREP=''
HAVE_CXX14=''
INCLUDEDIR='/home/luc/dev/local/edgeserver/target/x86_64-unknown-linux-musl/release/build/jemalloc-sys-b1a534f04fd1299a/out/include'
INSTALL_DATA=''
INSTALL_PROGRAM=''
INSTALL_SCRIPT=''
JEMALLOC_CPREFIX=''
JEMALLOC_PREFIX=''
LD=''
LDFLAGS='-O3 -ffunction-sections -fdata-sections -fPIC -m64 -Wall'
LDTARGET=''
LD_PRELOAD_VAR=''
LIBDIR='/home/luc/dev/local/edgeserver/target/x86_64-unknown-linux-musl/release/build/jemalloc-sys-b1a534f04fd1299a/out/lib'
LIBOBJS=''
LIBS=''
LM=''
LTLIBOBJS=''
MANDIR='/home/luc/dev/local/edgeserver/target/x86_64-unknown-linux-musl/release/build/jemalloc-sys-b1a534f04fd1299a/out/share/man'
MKLIB=''
NM=''
OBJEXT=''
PACKAGE_BUGREPORT=''
PACKAGE_NAME=''
PACKAGE_STRING=''
PACKAGE_TARNAME=''
PACKAGE_URL=''
PACKAGE_VERSION=''
PATH_SEPARATOR=':'
PIC_CFLAGS=''
PREFIX='/home/luc/dev/local/edgeserver/target/x86_64-unknown-linux-musl/release/build/jemalloc-sys-b1a534f04fd1299a/out'
RANLIB=''
RPATH=''
RPATH_EXTRA=''
SHELL='/bin/sh'
SOREV=''
SPECIFIED_CFLAGS='-O3 -ffunction-sections -fdata-sections -fPIC -m64 -Wall'
SPECIFIED_CXXFLAGS=''
TEST_LD_MODE=''
XSLROOT=''
XSLTPROC='/usr/bin/xsltproc'
a=''
abi=''
abs_objroot='/home/luc/dev/local/edgeserver/target/x86_64-unknown-linux-musl/release/build/jemalloc-sys-b1a534f04fd1299a/out/build/'
abs_srcroot='/home/luc/dev/local/edgeserver/target/x86_64-unknown-linux-musl/release/build/jemalloc-sys-b1a534f04fd1299a/out/jemalloc/'
ac_ct_CC=''
ac_ct_CXX=''
bindir='${exec_prefix}/bin'
build='x86_64-unknown-linux-gnu'
build_alias='x86_64-unknown-linux-gnu'
build_cpu=''
build_os=''
build_vendor=''
cfghdrs_in=''
cfghdrs_out=''
cfgoutputs_in=''
cfgoutputs_out=''
datadir='${datarootdir}'
datarootdir='${prefix}/share'
docdir='${datarootdir}/doc/${PACKAGE}'
dvidir='${docdir}'
enable_autogen=''
enable_cache_oblivious=''
enable_cxx='no'
enable_debug=''
enable_fill=''
enable_initial_exec_tls=''
enable_lazy_lock=''
enable_log=''
enable_prof=''
enable_stats=''
enable_tls=''
enable_utrace=''
enable_xmalloc=''
enable_zone_allocator=''
exe=''
exec_prefix='/home/luc/dev/local/edgeserver/target/x86_64-unknown-linux-musl/release/build/jemalloc-sys-b1a534f04fd1299a/out'
host='x86_64-unknown-linux-musl'
host_alias='x86_64-unknown-linux-musl'
host_cpu=''
host_os=''
host_vendor=''
htmldir='${docdir}'
importlib=''
includedir='${prefix}/include'
infodir='${datarootdir}/info'
install_suffix=''
je_=''
jemalloc_version=''
jemalloc_version_bugfix=''
jemalloc_version_gid=''
jemalloc_version_major=''
jemalloc_version_minor=''
jemalloc_version_nrev=''
libdir='${exec_prefix}/lib'
libexecdir='${exec_prefix}/libexec'
libprefix=''
link_whole_archive=''
localedir='${datarootdir}/locale'
localstatedir='${prefix}/var'
mandir='${datarootdir}/man'
o=''
objroot=''
oldincludedir='/usr/include'
pdfdir='${docdir}'
prefix='/home/luc/dev/local/edgeserver/target/x86_64-unknown-linux-musl/release/build/jemalloc-sys-b1a534f04fd1299a/out'
private_namespace=''
program_transform_name='s,x,x,'
psdir='${docdir}'
rev='2'
sbindir='${exec_prefix}/sbin'
sharedstatedir='${prefix}/com'
so=''
srcroot='/home/luc/dev/local/edgeserver/target/x86_64-unknown-linux-musl/release/build/jemalloc-sys-b1a534f04fd1299a/out/jemalloc/'
sysconfdir='${prefix}/etc'
target_alias=''

## ----------- ##
## confdefs.h. ##
## ----------- ##

/* confdefs.h */
#define PACKAGE_NAME ""
#define PACKAGE_TARNAME ""
#define PACKAGE_VERSION ""
#define PACKAGE_STRING ""
#define PACKAGE_BUGREPORT ""
#define PACKAGE_URL ""

configure: exit 77
